rm film*/* *.gif *.tar *.txt
rm: cannot remove `film*/*': No such file or directory
rm: cannot remove `*.gif': No such file or directory
rm: cannot remove `*.txt': No such file or directory
make: *** [clean] Error 1
mkdir: cannot create directory `film1': File exists
mkdir: cannot create directory `film2': File exists
mkdir: cannot create directory `film3': File exists
mkdir: cannot create directory `film4': File exists
mkdir: cannot create directory `film5': File exists
mkdir: cannot create directory `film6': File exists
./matdir.sh: line 16: module: command not found
starting matlab
./converto-film: line 1: convert: command not found
./converto-film: line 2: convert: command not found
./converto-film: line 3: convert: command not found
./converto-film: line 4: convert: command not found
./converto-film: line 5: convert: command not found
./converto-film: line 6: convert: command not found
./converto-film: line 7: convert: command not found
./converto-film: line 8: convert: command not found
./converto-film: line 9: convert: command not found
./converto-film: line 10: convert: command not found
./converto-film: line 11: convert: command not found
film1/
film1/001.png
film1/002.png
film1/003.png
film1/004.png
film1/005.png
film1/006.png
film1/007.png
film1/008.png
film1/009.png
film1/010.png
film1/011.png
film2/
film2/001.png
film2/002.png
film2/003.png
film2/004.png
film2/005.png
film2/006.png
film2/007.png
film2/008.png
film2/009.png
film2/010.png
film2/011.png
film3/
film3/001.png
film3/002.png
film3/003.png
film3/004.png
film3/005.png
film3/006.png
film3/007.png
film3/008.png
film3/009.png
film3/010.png
film3/011.png
film4/
film4/001.png
film4/002.png
film4/003.png
film4/004.png
film4/005.png
film4/006.png
film4/007.png
film4/008.png
film4/009.png
film4/010.png
film4/011.png
film5/
film5/001.png
film5/002.png
film5/003.png
film5/004.png
film5/005.png
film5/006.png
film5/007.png
film5/008.png
film5/009.png
film5/010.png
film5/011.png
film6/
film6/001.png
film6/002.png
film6/003.png
film6/004.png
film6/005.png
film6/006.png
film6/007.png
film6/008.png
film6/009.png
film6/010.png
film6/011.png
recon.txt
rm film*/* *.gif *.tar *.txt
rm: cannot remove `film*/*': No such file or directory
rm: cannot remove `*.gif': No such file or directory
rm: cannot remove `*.tar': No such file or directory
rm: cannot remove `*.txt': No such file or directory
make: *** [clean] Error 1
./matdir.sh: line 16: module: command not found
starting matlab
./converto-film: line 1: convert: command not found
./converto-film: line 2: convert: command not found
./converto-film: line 3: convert: command not found
./converto-film: line 4: convert: command not found
./converto-film: line 5: convert: command not found
./converto-film: line 6: convert: command not found
./converto-film: line 7: convert: command not found
./converto-film: line 8: convert: command not found
./converto-film: line 9: convert: command not found
./converto-film: line 10: convert: command not found
./converto-film: line 11: convert: command not found
film1/
film2/
film3/
film4/
film5/
film6/
tar: recon.txt: Cannot stat: No such file or directory
tar: Error exit delayed from previous errors
rm film*/* *.gif *.tar *.txt
rm: cannot remove `film*/*': No such file or directory
rm: cannot remove `*.gif': No such file or directory
rm: cannot remove `*.tar': No such file or directory
rm: cannot remove `*.txt': No such file or directory
make: *** [clean] Error 1
./matdir.sh: line 16: module: command not found
starting matlab
./converto-film: line 1: convert: command not found
./converto-film: line 2: convert: command not found
./converto-film: line 3: convert: command not found
./converto-film: line 4: convert: command not found
./converto-film: line 5: convert: command not found
./converto-film: line 6: convert: command not found
./converto-film: line 7: convert: command not found
./converto-film: line 8: convert: command not found
./converto-film: line 9: convert: command not found
./converto-film: line 10: convert: command not found
./converto-film: line 11: convert: command not found
film1/
film1/001.png
film1/002.png
film1/003.png
film1/004.png
film1/005.png
film1/006.png
film1/007.png
film1/008.png
film1/009.png
film1/010.png
film1/011.png
film2/
film2/001.png
film2/002.png
film2/003.png
film2/004.png
film2/005.png
film2/006.png
film2/007.png
film2/008.png
film2/009.png
film2/010.png
film2/011.png
film3/
film3/001.png
film3/002.png
film3/003.png
film3/004.png
film3/005.png
film3/006.png
film3/007.png
film3/008.png
film3/009.png
film3/010.png
film3/011.png
film4/
film4/001.png
film4/002.png
film4/003.png
film4/004.png
film4/005.png
film4/006.png
film4/007.png
film4/008.png
film4/009.png
film4/010.png
film4/011.png
film5/
film5/001.png
film5/002.png
film5/003.png
film5/004.png
film5/005.png
film5/006.png
film5/007.png
film5/008.png
film5/009.png
film5/010.png
film5/011.png
film6/
film6/001.png
film6/002.png
film6/003.png
film6/004.png
film6/005.png
film6/006.png
film6/007.png
film6/008.png
film6/009.png
film6/010.png
film6/011.png
recon.txt
rm film*/* *.gif *.tar *.txt
rm: cannot remove `film*/*': No such file or directory
rm: cannot remove `*.gif': No such file or directory
rm: cannot remove `*.tar': No such file or directory
rm: cannot remove `*.txt': No such file or directory
make: *** [clean] Error 1
./matdir.sh: line 16: module: command not found
starting matlab
./converto-film: line 1: convert: command not found
./converto-film: line 2: convert: command not found
./converto-film: line 3: convert: command not found
./converto-film: line 4: convert: command not found
./converto-film: line 5: convert: command not found
./converto-film: line 6: convert: command not found
./converto-film: line 7: convert: command not found
./converto-film: line 8: convert: command not found
./converto-film: line 9: convert: command not found
./converto-film: line 10: convert: command not found
./converto-film: line 11: convert: command not found
film1/
film1/001.png
film1/002.png
film1/003.png
film1/004.png
film1/005.png
film1/006.png
film1/007.png
film1/008.png
film1/009.png
film1/010.png
film1/011.png
film2/
film2/001.png
film2/002.png
film2/003.png
film2/004.png
film2/005.png
film2/006.png
film2/007.png
film2/008.png
film2/009.png
film2/010.png
film2/011.png
film3/
film3/001.png
film3/002.png
film3/003.png
film3/004.png
film3/005.png
film3/006.png
film3/007.png
film3/008.png
film3/009.png
film3/010.png
film3/011.png
film4/
film4/001.png
film4/002.png
film4/003.png
film4/004.png
film4/005.png
film4/006.png
film4/007.png
film4/008.png
film4/009.png
film4/010.png
film4/011.png
film5/
film5/001.png
film5/002.png
film5/003.png
film5/004.png
film5/005.png
film5/006.png
film5/007.png
film5/008.png
film5/009.png
film5/010.png
film5/011.png
film6/
film6/001.png
film6/002.png
film6/003.png
film6/004.png
film6/005.png
film6/006.png
film6/007.png
film6/008.png
film6/009.png
film6/010.png
film6/011.png
recon.txt
rm film*/* *.gif *.tar *.txt
rm: cannot remove `film*/*': No such file or directory
rm: cannot remove `*.gif': No such file or directory
rm: cannot remove `*.tar': No such file or directory
make: *** [clean] Error 1
./matdir.sh: line 16: module: command not found
starting matlab
./converto-film: line 1: convert: command not found
./converto-film: line 2: convert: command not found
./converto-film: line 3: convert: command not found
./converto-film: line 4: convert: command not found
./converto-film: line 5: convert: command not found
./converto-film: line 6: convert: command not found
./converto-film: line 7: convert: command not found
./converto-film: line 8: convert: command not found
./converto-film: line 9: convert: command not found
./converto-film: line 10: convert: command not found
./converto-film: line 11: convert: command not found
film1/
film1/001.png
film1/002.png
film1/003.png
film1/004.png
film1/005.png
film1/006.png
film1/007.png
film1/008.png
film1/009.png
film1/010.png
film1/011.png
film2/
film2/001.png
film2/002.png
film2/003.png
film2/004.png
film2/005.png
film2/006.png
film2/007.png
film2/008.png
film2/009.png
film2/010.png
film2/011.png
film3/
film3/001.png
film3/002.png
film3/003.png
film3/004.png
film3/005.png
film3/006.png
film3/007.png
film3/008.png
film3/009.png
film3/010.png
film3/011.png
film4/
film4/001.png
film4/002.png
film4/003.png
film4/004.png
film4/005.png
film4/006.png
film4/007.png
film4/008.png
film4/009.png
film4/010.png
film4/011.png
film5/
film5/001.png
film5/002.png
film5/003.png
film5/004.png
film5/005.png
film5/006.png
film5/007.png
film5/008.png
film5/009.png
film5/010.png
film5/011.png
film6/
film6/001.png
film6/002.png
film6/003.png
film6/004.png
film6/005.png
film6/006.png
film6/007.png
film6/008.png
film6/009.png
film6/010.png
film6/011.png
recon.txt
rm film*/* *.gif *.tar *.txt
rm: cannot remove `film*/*': No such file or directory
rm: cannot remove `*.gif': No such file or directory
rm: cannot remove `*.tar': No such file or directory
rm: cannot remove `*.txt': No such file or directory
make: *** [clean] Error 1
./matdir.sh: line 16: module: command not found
starting matlab
./converto-film: line 1: convert: command not found
./converto-film: line 2: convert: command not found
./converto-film: line 3: convert: command not found
./converto-film: line 4: convert: command not found
./converto-film: line 5: convert: command not found
./converto-film: line 6: convert: command not found
./converto-film: line 7: convert: command not found
./converto-film: line 8: convert: command not found
./converto-film: line 9: convert: command not found
./converto-film: line 10: convert: command not found
./converto-film: line 11: convert: command not found
film1/
film1/001.png
film1/002.png
film1/003.png
film1/004.png
film1/005.png
film1/006.png
film1/007.png
film2/
film2/001.png
film2/002.png
film2/003.png
film2/004.png
film2/005.png
film2/006.png
film2/007.png
film3/
film3/001.png
film3/002.png
film3/003.png
film3/004.png
film3/005.png
film3/006.png
film3/007.png
film4/
film4/001.png
film4/002.png
film4/003.png
film4/004.png
film4/005.png
film4/006.png
film4/007.png
film5/
film5/001.png
film5/002.png
film5/003.png
film5/004.png
film5/005.png
film5/006.png
film5/007.png
film6/
film6/001.png
film6/002.png
film6/003.png
film6/004.png
film6/005.png
film6/006.png
film6/007.png
recon.txt
rm film*/* *.gif *.tar *.txt
rm: cannot remove `*.gif': No such file or directory
make: *** [clean] Error 1
mkdir: cannot create directory `film1': File exists
mkdir: cannot create directory `film2': File exists
mkdir: cannot create directory `film3': File exists
mkdir: cannot create directory `film4': File exists
mkdir: cannot create directory `film5': File exists
mkdir: cannot create directory `film6': File exists
./matdir.sh: line 16: module: command not found
starting matlab
./converto-film: line 1: convert: command not found
./converto-film: line 2: convert: command not found
./converto-film: line 3: convert: command not found
./converto-film: line 4: convert: command not found
./converto-film: line 5: convert: command not found
./converto-film: line 6: convert: command not found
./converto-film: line 7: convert: command not found
./converto-film: line 8: convert: command not found
./converto-film: line 9: convert: command not found
./converto-film: line 10: convert: command not found
./converto-film: line 11: convert: command not found
film1/
film1/001.png
film1/002.png
film1/003.png
film1/004.png
film1/005.png
film1/006.png
film1/007.png
film2/
film2/001.png
film2/002.png
film2/003.png
film2/004.png
film2/005.png
film2/006.png
film2/007.png
film3/
film3/001.png
film3/002.png
film3/003.png
film3/004.png
film3/005.png
film3/006.png
film3/007.png
film4/
film4/001.png
film4/002.png
film4/003.png
film4/004.png
film4/005.png
film4/006.png
film4/007.png
film5/
film5/001.png
film5/002.png
film5/003.png
film5/004.png
film5/005.png
film5/006.png
film5/007.png
film6/
film6/001.png
film6/002.png
film6/003.png
film6/004.png
film6/005.png
film6/006.png
film6/007.png
recon.txt
rm film*/* *.gif *.tar *.txt
rm: cannot remove `*.gif': No such file or directory
make: *** [clean] Error 1
mkdir: cannot create directory `film1': File exists
mkdir: cannot create directory `film2': File exists
mkdir: cannot create directory `film3': File exists
mkdir: cannot create directory `film4': File exists
mkdir: cannot create directory `film5': File exists
mkdir: cannot create directory `film6': File exists
./matdir.sh: line 17: module: command not found
starting matlab
./converto-film: line 1: convert: command not found
./converto-film: line 2: convert: command not found
./converto-film: line 3: convert: command not found
./converto-film: line 4: convert: command not found
./converto-film: line 5: convert: command not found
./converto-film: line 6: convert: command not found
./converto-film: line 7: convert: command not found
./converto-film: line 8: convert: command not found
./converto-film: line 9: convert: command not found
./converto-film: line 10: convert: command not found
./converto-film: line 11: convert: command not found
film1/
film1/001.png
film1/002.png
film1/003.png
film1/004.png
film1/005.png
film1/006.png
film1/007.png
film2/
film2/001.png
film2/002.png
film2/003.png
film2/004.png
film2/005.png
film2/006.png
film2/007.png
film3/
film3/001.png
film3/002.png
film3/003.png
film3/004.png
film3/005.png
film3/006.png
film3/007.png
film4/
film4/001.png
film4/002.png
film4/003.png
film4/004.png
film4/005.png
film4/006.png
film4/007.png
film5/
film5/001.png
film5/002.png
film5/003.png
film5/004.png
film5/005.png
film5/006.png
film5/007.png
film6/
film6/001.png
film6/002.png
film6/003.png
film6/004.png
film6/005.png
film6/006.png
film6/007.png
recon.txt
rm film*/* *.gif *.tar *.txt
rm: cannot remove `*.gif': No such file or directory
make: *** [clean] Error 1
mkdir: cannot create directory `film1': File exists
mkdir: cannot create directory `film2': File exists
mkdir: cannot create directory `film3': File exists
mkdir: cannot create directory `film4': File exists
mkdir: cannot create directory `film5': File exists
mkdir: cannot create directory `film6': File exists
./matdir.sh: line 23: module: command not found
starting matlab
./converto-film: line 1: convert: command not found
./converto-film: line 2: convert: command not found
./converto-film: line 3: convert: command not found
./converto-film: line 4: convert: command not found
./converto-film: line 5: convert: command not found
./converto-film: line 6: convert: command not found
./converto-film: line 7: convert: command not found
./converto-film: line 8: convert: command not found
./converto-film: line 9: convert: command not found
./converto-film: line 10: convert: command not found
./converto-film: line 11: convert: command not found
film1/
film1/001.png
film1/002.png
film1/003.png
film1/004.png
film1/005.png
film1/006.png
film1/007.png
film10/
film10/001.png
film10/002.png
film10/003.png
film10/004.png
film10/005.png
film10/006.png
film10/007.png
film11/
film11/001.png
film11/002.png
film11/003.png
film11/004.png
film11/005.png
film11/006.png
film11/007.png
film12/
film12/001.png
film12/002.png
film12/003.png
film12/004.png
film12/005.png
film12/006.png
film12/007.png
film2/
film2/001.png
film2/002.png
film2/003.png
film2/004.png
film2/005.png
film2/006.png
film2/007.png
film3/
film3/001.png
film3/002.png
film3/003.png
film3/004.png
film3/005.png
film3/006.png
film3/007.png
film4/
film4/001.png
film4/002.png
film4/003.png
film4/004.png
film4/005.png
film4/006.png
film4/007.png
film5/
film5/001.png
film5/002.png
film5/003.png
film5/004.png
film5/005.png
film5/006.png
film5/007.png
film6/
film6/001.png
film6/002.png
film6/003.png
film6/004.png
film6/005.png
film6/006.png
film6/007.png
film7/
film7/001.png
film7/002.png
film7/003.png
film7/004.png
film7/005.png
film7/006.png
film7/007.png
film8/
film8/001.png
film8/002.png
film8/003.png
film8/004.png
film8/005.png
film8/006.png
film8/007.png
film9/
film9/001.png
film9/002.png
film9/003.png
film9/004.png
film9/005.png
film9/006.png
film9/007.png
recon.txt
rm film*/* *.gif *.tar *.txt
rm: cannot remove `film*/*': No such file or directory
rm: cannot remove `*.gif': No such file or directory
rm: cannot remove `*.tar': No such file or directory
rm: cannot remove `*.txt': No such file or directory
make: *** [clean] Error 1
./matdir.sh: line 23: module: command not found
starting matlab
./converto-film: line 1: convert: command not found
./converto-film: line 2: convert: command not found
./converto-film: line 3: convert: command not found
./converto-film: line 4: convert: command not found
./converto-film: line 5: convert: command not found
./converto-film: line 6: convert: command not found
./converto-film: line 7: convert: command not found
./converto-film: line 8: convert: command not found
./converto-film: line 9: convert: command not found
./converto-film: line 10: convert: command not found
./converto-film: line 11: convert: command not found
film1/
film1/001.png
film1/002.png
film1/003.png
film1/004.png
film1/005.png
film1/006.png
film1/007.png
film1/008.png
film10/
film10/001.png
film10/002.png
film10/003.png
film10/004.png
film10/005.png
film10/006.png
film10/007.png
film10/008.png
film11/
film11/001.png
film11/002.png
film11/003.png
film11/004.png
film11/005.png
film11/006.png
film11/007.png
film11/008.png
film12/
film12/001.png
film12/002.png
film12/003.png
film12/004.png
film12/005.png
film12/006.png
film12/007.png
film12/008.png
film2/
film2/001.png
film2/002.png
film2/003.png
film2/004.png
film2/005.png
film2/006.png
film2/007.png
film2/008.png
film3/
film3/001.png
film3/002.png
film3/003.png
film3/004.png
film3/005.png
film3/006.png
film3/007.png
film3/008.png
film4/
film4/001.png
film4/002.png
film4/003.png
film4/004.png
film4/005.png
film4/006.png
film4/007.png
film4/008.png
film5/
film5/001.png
film5/002.png
film5/003.png
film5/004.png
film5/005.png
film5/006.png
film5/007.png
film5/008.png
film6/
film6/001.png
film6/002.png
film6/003.png
film6/004.png
film6/005.png
film6/006.png
film6/007.png
film6/008.png
film7/
film7/001.png
film7/002.png
film7/003.png
film7/004.png
film7/005.png
film7/006.png
film7/007.png
film7/008.png
film8/
film8/001.png
film8/002.png
film8/003.png
film8/004.png
film8/005.png
film8/006.png
film8/007.png
film8/008.png
film9/
film9/001.png
film9/002.png
film9/003.png
film9/004.png
film9/005.png
film9/006.png
film9/007.png
film9/008.png
recon.txt
rm film*/* *.gif *.tar *.txt
rm: cannot remove `film*/*': No such file or directory
rm: cannot remove `*.gif': No such file or directory
rm: cannot remove `*.tar': No such file or directory
rm: cannot remove `*.txt': No such file or directory
make: *** [clean] Error 1
./matdir.sh: line 23: module: command not found
starting matlab
./converto-film: line 1: convert: command not found
./converto-film: line 2: convert: command not found
./converto-film: line 3: convert: command not found
./converto-film: line 4: convert: command not found
./converto-film: line 5: convert: command not found
./converto-film: line 6: convert: command not found
./converto-film: line 7: convert: command not found
./converto-film: line 8: convert: command not found
./converto-film: line 9: convert: command not found
./converto-film: line 10: convert: command not found
./converto-film: line 11: convert: command not found
film1/
film1/001.png
film1/002.png
film1/003.png
film1/004.png
film1/005.png
film1/006.png
film1/007.png
film1/008.png
film1/009.png
film1/010.png
film1/011.png
film1/012.png
film1/013.png
film1/014.png
film1/015.png
film10/
film10/001.png
film10/002.png
film10/003.png
film10/004.png
film10/005.png
film10/006.png
film10/007.png
film10/008.png
film10/009.png
film10/010.png
film10/011.png
film10/012.png
film10/013.png
film10/014.png
film10/015.png
film11/
film11/001.png
film11/002.png
film11/003.png
film11/004.png
film11/005.png
film11/006.png
film11/007.png
film11/008.png
film11/009.png
film11/010.png
film11/011.png
film11/012.png
film11/013.png
film11/014.png
film11/015.png
film12/
film12/001.png
film12/002.png
film12/003.png
film12/004.png
film12/005.png
film12/006.png
film12/007.png
film12/008.png
film12/009.png
film12/010.png
film12/011.png
film12/012.png
film12/013.png
film12/014.png
film12/015.png
film2/
film2/001.png
film2/002.png
film2/003.png
film2/004.png
film2/005.png
film2/006.png
film2/007.png
film2/008.png
film2/009.png
film2/010.png
film2/011.png
film2/012.png
film2/013.png
film2/014.png
film2/015.png
film3/
film3/001.png
film3/002.png
film3/003.png
film3/004.png
film3/005.png
film3/006.png
film3/007.png
film3/008.png
film3/009.png
film3/010.png
film3/011.png
film3/012.png
film3/013.png
film3/014.png
film3/015.png
film4/
film4/001.png
film4/002.png
film4/003.png
film4/004.png
film4/005.png
film4/006.png
film4/007.png
film4/008.png
film4/009.png
film4/010.png
film4/011.png
film4/012.png
film4/013.png
film4/014.png
film4/015.png
film5/
film5/001.png
film5/002.png
film5/003.png
film5/004.png
film5/005.png
film5/006.png
film5/007.png
film5/008.png
film5/009.png
film5/010.png
film5/011.png
film5/012.png
film5/013.png
film5/014.png
film5/015.png
film6/
film6/001.png
film6/002.png
film6/003.png
film6/004.png
film6/005.png
film6/006.png
film6/007.png
film6/008.png
film6/009.png
film6/010.png
film6/011.png
film6/012.png
film6/013.png
film6/014.png
film6/015.png
film7/
film7/001.png
film7/002.png
film7/003.png
film7/004.png
film7/005.png
film7/006.png
film7/007.png
film7/008.png
film7/009.png
film7/010.png
film7/011.png
film7/012.png
film7/013.png
film7/014.png
film7/015.png
film8/
film8/001.png
film8/002.png
film8/003.png
film8/004.png
film8/005.png
film8/006.png
film8/007.png
film8/008.png
film8/009.png
film8/010.png
film8/011.png
film8/012.png
film8/013.png
film8/014.png
film8/015.png
film9/
film9/001.png
film9/002.png
film9/003.png
film9/004.png
film9/005.png
film9/006.png
film9/007.png
film9/008.png
film9/009.png
film9/010.png
film9/011.png
film9/012.png
film9/013.png
film9/014.png
film9/015.png
recon.txt
